Using pre-set license
Built from '2020.3/staging' branch; Version is '2020.3.10f1 (297d780c91bc) revision 2719096'; Using compiler version '192528614'; Build Type 'Release'
OS: 'Windows 10 Pro; OS build 19042.1526; Version 2009; 64bit' Language: 'en' Physical Memory: 16227 MB
BatchMode: 1, IsHumanControllingUs: 0, StartBugReporterOnCrash: 0, Is64bit: 1, IsPro: 0

 COMMAND LINE ARGUMENTS:
C:\Program Files\Unity\Hub\Editor\2020.3.10f1\Editor\Unity.exe
-adb2
-batchMode
-noUpm
-name
AssetImportWorker0
-projectPath
C:/Users/Admin/Desktop/Apps/Canada/RepoWeb/cruz-angel-midterm
-logFile
Logs/AssetImportWorker0.log
-srvPort
50129
Successfully changed project path to: C:/Users/Admin/Desktop/Apps/Canada/RepoWeb/cruz-angel-midterm
C:/Users/Admin/Desktop/Apps/Canada/RepoWeb/cruz-angel-midterm
Using Asset Import Pipeline V2.
Refreshing native plugins compatible for Editor in 187.28 ms, found 3 plugins.
Preloading 0 native plugins for Editor in 0.00 ms.
Initialize engine version: 2020.3.10f1 (297d780c91bc)
[Subsystems] Discovering subsystems at path C:/Program Files/Unity/Hub/Editor/2020.3.10f1/Editor/Data/Resources/UnitySubsystems
[Subsystems] Discovering subsystems at path C:/Users/Admin/Desktop/Apps/Canada/RepoWeb/cruz-angel-midterm/Assets
GfxDevice: creating device client; threaded=0
Direct3D:
    Version:  Direct3D 11.0 [level 11.1]
    Renderer: Intel(R) UHD Graphics 620 (ID=0x5917)
    Vendor:   
    VRAM:     8113 MB
    Driver:   27.20.100.8681
Initialize mono
Mono path[0] = 'C:/Program Files/Unity/Hub/Editor/2020.3.10f1/Editor/Data/Managed'
Mono path[1] = 'C:/Program Files/Unity/Hub/Editor/2020.3.10f1/Editor/Data/MonoBleedingEdge/lib/mono/unityjit'
Mono config path = 'C:/Program Files/Unity/Hub/Editor/2020.3.10f1/Editor/Data/MonoBleedingEdge/etc'
Using monoOptions --debugger-agent=transport=dt_socket,embedding=1,server=y,suspend=n,address=127.0.0.1:56604
Begin MonoManager ReloadAssembly
Registering precompiled unity dll's ...
Register platform support module: C:/Program Files/Unity/Hub/Editor/2020.3.10f1/Editor/Data/PlaybackEngines/WindowsStandaloneSupport/UnityEditor.WindowsStandalone.Extensions.dll
Registered in 0.007092 seconds.
Native extension for WindowsStandalone target not found
Refreshing native plugins compatible for Editor in 114.22 ms, found 3 plugins.
Preloading 0 native plugins for Editor in 0.00 ms.
Mono: successfully reloaded assembly
- Completed reload, in  4.551 seconds
Platform modules already initialized, skipping
Registering precompiled user dll's ...
Registered in 0.016104 seconds.
Begin MonoManager ReloadAssembly
Native extension for WindowsStandalone target not found
Refreshing native plugins compatible for Editor in 195.00 ms, found 3 plugins.
Preloading 0 native plugins for Editor in 0.00 ms.
Mono: successfully reloaded assembly
- Completed reload, in  4.609 seconds
Platform modules already initialized, skipping
========================================================================
Worker process is ready to serve import requests
Launched and connected shader compiler UnityShaderCompiler.exe after 0.10 seconds
Refreshing native plugins compatible for Editor in 1.21 ms, found 3 plugins.
Preloading 0 native plugins for Editor in 0.00 ms.
Unloading 2079 Unused Serialized files (Serialized files now loaded: 0)
System memory in use before: 92.8 MB.
System memory in use after: 92.7 MB.

Unloading 33 unused Assets to reduce memory usage. Loaded Objects now: 2512.
Total: 6.623700 ms (FindLiveObjects: 0.493200 ms CreateObjectMapping: 0.312800 ms MarkObjects: 5.443200 ms  DeleteObjects: 0.371000 ms)

========================================================================
Received Import Request.
  path: Assets/NoStick.physicsMaterial2D
  artifactKey: Guid(16cf05228a4a97845afac1ffdea1005b) Importer(815301076,1909f56bfc062723c751e8b465ee728b)
Start importing Assets/NoStick.physicsMaterial2D using Guid(16cf05228a4a97845afac1ffdea1005b) Importer(815301076,1909f56bfc062723c751e8b465ee728b)  -> (artifact id: 'd5609116e2d711454b4fbfe7f685ff55') in 0.217231 seconds
  Import took 0.246035 seconds .

========================================================================
Received Import Request.
  Time since last request: 10.783110 seconds.
  path: Assets/Animations/Player
  artifactKey: Guid(582f4a9a1e0625d48a6ab32a9a17b3ba) Importer(815301076,1909f56bfc062723c751e8b465ee728b)
Start importing Assets/Animations/Player using Guid(582f4a9a1e0625d48a6ab32a9a17b3ba) Importer(815301076,1909f56bfc062723c751e8b465ee728b)  -> (artifact id: 'de09b1953c1fc5c8e4f112138441a030') in 0.029383 seconds
  Import took 0.055288 seconds .

========================================================================
Received Import Request.
  Time since last request: 0.034947 seconds.
  path: Assets/Animations/Player
  artifactKey: Guid(582f4a9a1e0625d48a6ab32a9a17b3ba) Importer(815301076,1909f56bfc062723c751e8b465ee728b)
Start importing Assets/Animations/Player using Guid(582f4a9a1e0625d48a6ab32a9a17b3ba) Importer(815301076,1909f56bfc062723c751e8b465ee728b)  -> (artifact id: 'de09b1953c1fc5c8e4f112138441a030') in 0.009851 seconds
  Import took 0.021108 seconds .

========================================================================
Received Import Request.
  Time since last request: 1.360599 seconds.
  path: Assets/Animations/Player/Duck.anim
  artifactKey: Guid(e15e071deb7fd5f48964417c5f029ca1) Importer(815301076,1909f56bfc062723c751e8b465ee728b)
Start importing Assets/Animations/Player/Duck.anim using Guid(e15e071deb7fd5f48964417c5f029ca1) Importer(815301076,1909f56bfc062723c751e8b465ee728b)  -> (artifact id: 'cfcc68084329ad457a407473e8021d82') in 0.049110 seconds
  Import took 0.075459 seconds .

========================================================================
Received Import Request.
  Time since last request: 0.086250 seconds.
  path: Assets/Animations/Player/Duck.anim
  artifactKey: Guid(e15e071deb7fd5f48964417c5f029ca1) Importer(815301076,1909f56bfc062723c751e8b465ee728b)
Start importing Assets/Animations/Player/Duck.anim using Guid(e15e071deb7fd5f48964417c5f029ca1) Importer(815301076,1909f56bfc062723c751e8b465ee728b)  -> (artifact id: 'cfcc68084329ad457a407473e8021d82') in 0.008475 seconds
  Import took 0.019426 seconds .

========================================================================
Received Import Request.
  Time since last request: 2.262013 seconds.
  path: Assets/Sprites/arrow.png
  artifactKey: Guid(0cf31fd1befc0394d8d8c5cc9e4fd2fa) Importer(815301076,1909f56bfc062723c751e8b465ee728b)
Start importing Assets/Sprites/arrow.png using Guid(0cf31fd1befc0394d8d8c5cc9e4fd2fa) Importer(815301076,1909f56bfc062723c751e8b465ee728b)  -> (artifact id: 'dfd2ba87b920e2c1c66ba008b0688fd4') in 0.540270 seconds
  Import took 0.575676 seconds .

========================================================================
Received Import Request.
  Time since last request: 0.000301 seconds.
  path: Assets/Sprites/Spacebar.png
  artifactKey: Guid(75cbd700a861b314e96ca796be5dfff6) Importer(815301076,1909f56bfc062723c751e8b465ee728b)
Start importing Assets/Sprites/Spacebar.png using Guid(75cbd700a861b314e96ca796be5dfff6) Importer(815301076,1909f56bfc062723c751e8b465ee728b)  -> (artifact id: 'c3ee53ff057a6c5c0bbd0fa561ce4717') in 0.096103 seconds
  Import took 0.109797 seconds .

========================================================================
Received Import Request.
  Time since last request: 0.000604 seconds.
  path: Assets/Sprites/WASD.png
  artifactKey: Guid(6665a3ed1684467469c41ed9415eb863) Importer(815301076,1909f56bfc062723c751e8b465ee728b)
Start importing Assets/Sprites/WASD.png using Guid(6665a3ed1684467469c41ed9415eb863) Importer(815301076,1909f56bfc062723c751e8b465ee728b)  -> (artifact id: '356f090aa8222bc134ed105af42e7663') in 0.042922 seconds
  Import took 0.058688 seconds .

========================================================================
Received Import Request.
  Time since last request: 0.000538 seconds.
  path: Assets/Sprites/Spacebar.png
  artifactKey: Guid(75cbd700a861b314e96ca796be5dfff6) Importer(815301076,1909f56bfc062723c751e8b465ee728b)
Start importing Assets/Sprites/Spacebar.png using Guid(75cbd700a861b314e96ca796be5dfff6) Importer(815301076,1909f56bfc062723c751e8b465ee728b)  -> (artifact id: 'c3ee53ff057a6c5c0bbd0fa561ce4717') in 0.079039 seconds
  Import took 0.096907 seconds .

========================================================================
Received Import Request.
  Time since last request: 1.191383 seconds.
  path: Assets/Sprites/Tiles
  artifactKey: Guid(b2397249df9c46948b205c9fa839a9f1) Importer(815301076,1909f56bfc062723c751e8b465ee728b)
Start importing Assets/Sprites/Tiles using Guid(b2397249df9c46948b205c9fa839a9f1) Importer(815301076,1909f56bfc062723c751e8b465ee728b)  -> (artifact id: '05232c09baca9a82d2bf1ee8172bbe7a') in 0.043312 seconds
  Import took 0.070170 seconds .

========================================================================
Received Import Request.
  Time since last request: 8.858932 seconds.
  path: Assets/Sprites/Palettes/Level.prefab
  artifactKey: Guid(5111d3eea82030743b8ca94f40373b69) Importer(815301076,1909f56bfc062723c751e8b465ee728b)
Start importing Assets/Sprites/Palettes/Level.prefab using Guid(5111d3eea82030743b8ca94f40373b69) Importer(815301076,1909f56bfc062723c751e8b465ee728b)  -> (artifact id: '2db1e64026e837a0c2d50aba4afbacaa') in 0.068036 seconds
  Import took 0.084462 seconds .

========================================================================
Received Import Request.
  Time since last request: 0.906252 seconds.
  path: Assets/Sprites/Tiles/tileset_0.asset
  artifactKey: Guid(5f5060e201fa9e646b81451d9cc8872e) Importer(815301076,1909f56bfc062723c751e8b465ee728b)
Start importing Assets/Sprites/Tiles/tileset_0.asset using Guid(5f5060e201fa9e646b81451d9cc8872e) Importer(815301076,1909f56bfc062723c751e8b465ee728b)  -> (artifact id: 'c5edbcc9fdfde3a863bb11e944aef95a') in 0.276185 seconds
  Import took 0.361983 seconds .

========================================================================
Received Import Request.
  Time since last request: 0.003017 seconds.
  path: Assets/Sprites/Tiles/tileset_38.asset
  artifactKey: Guid(a9be25f4bc1c522429e8cbeb3d5136ac) Importer(815301076,1909f56bfc062723c751e8b465ee728b)
Start importing Assets/Sprites/Tiles/tileset_38.asset using Guid(a9be25f4bc1c522429e8cbeb3d5136ac) Importer(815301076,1909f56bfc062723c751e8b465ee728b)  -> (artifact id: '6f83f12346ce863c516ab2be0aaaccc6') in 0.073743 seconds
  Import took 0.087886 seconds .

========================================================================
Received Import Request.
  Time since last request: 0.000846 seconds.
  path: Assets/Sprites/Tiles/tileset_32.asset
  artifactKey: Guid(5b27d2481fed6a44a97d042791efc26d) Importer(815301076,1909f56bfc062723c751e8b465ee728b)
Start importing Assets/Sprites/Tiles/tileset_32.asset using Guid(5b27d2481fed6a44a97d042791efc26d) Importer(815301076,1909f56bfc062723c751e8b465ee728b)  -> (artifact id: '0a043846cc72c7569550d294586c2ca3') in 0.045373 seconds
  Import took 0.064715 seconds .

========================================================================
Received Import Request.
  Time since last request: 0.000792 seconds.
  path: Assets/Sprites/Tiles/tileset_14.asset
  artifactKey: Guid(133e133c0b08f814eb2e5261aeb69a6a) Importer(815301076,1909f56bfc062723c751e8b465ee728b)
Start importing Assets/Sprites/Tiles/tileset_14.asset using Guid(133e133c0b08f814eb2e5261aeb69a6a) Importer(815301076,1909f56bfc062723c751e8b465ee728b)  -> (artifact id: '1dbf0d0c5346ca584450dcc8f787c60a') in 0.068485 seconds
  Import took 0.092207 seconds .

========================================================================
Received Import Request.
  Time since last request: 0.000448 seconds.
  path: Assets/Sprites/Tiles/tileset_26.asset
  artifactKey: Guid(40fed1eb5b3312b47b03484d64f63cec) Importer(815301076,1909f56bfc062723c751e8b465ee728b)
Start importing Assets/Sprites/Tiles/tileset_26.asset using Guid(40fed1eb5b3312b47b03484d64f63cec) Importer(815301076,1909f56bfc062723c751e8b465ee728b)  -> (artifact id: '683373cd5561a3a89a51576e538d00fa') in 0.066020 seconds
  Import took 0.081612 seconds .

========================================================================
Received Import Request.
  Time since last request: 0.001175 seconds.
  path: Assets/Sprites/Tiles/tileset_19.asset
  artifactKey: Guid(bd7b557566b3c10468e01689f265b6df) Importer(815301076,1909f56bfc062723c751e8b465ee728b)
Start importing Assets/Sprites/Tiles/tileset_19.asset using Guid(bd7b557566b3c10468e01689f265b6df) Importer(815301076,1909f56bfc062723c751e8b465ee728b)  -> (artifact id: '5f40aeb5b705184111ec09dd592b26ba') in 0.047412 seconds
  Import took 0.072255 seconds .

========================================================================
Received Import Request.
  Time since last request: 0.000634 seconds.
  path: Assets/Sprites/Tiles/tileset_33.asset
  artifactKey: Guid(5dc393769a4e41e4cbf50fc86fc207b7) Importer(815301076,1909f56bfc062723c751e8b465ee728b)
Start importing Assets/Sprites/Tiles/tileset_33.asset using Guid(5dc393769a4e41e4cbf50fc86fc207b7) Importer(815301076,1909f56bfc062723c751e8b465ee728b)  -> (artifact id: 'c241c9addf6353c54153ca3ab6ed3479') in 0.031860 seconds
  Import took 0.048052 seconds .

========================================================================
Received Import Request.
  Time since last request: 0.000477 seconds.
  path: Assets/Sprites/Tiles/tileset_3.asset
  artifactKey: Guid(6bd21844700f2fe429844c471bcded02) Importer(815301076,1909f56bfc062723c751e8b465ee728b)
Start importing Assets/Sprites/Tiles/tileset_3.asset using Guid(6bd21844700f2fe429844c471bcded02) Importer(815301076,1909f56bfc062723c751e8b465ee728b)  -> (artifact id: 'edd98e87a37c987bd90ac091ad9e8495') in 0.055509 seconds
  Import took 0.072285 seconds .

========================================================================
Received Import Request.
  Time since last request: 0.000680 seconds.
  path: Assets/Sprites/Tiles/tileset_9.asset
  artifactKey: Guid(5d345706608dde44ba492c86c82344e7) Importer(815301076,1909f56bfc062723c751e8b465ee728b)
Start importing Assets/Sprites/Tiles/tileset_9.asset using Guid(5d345706608dde44ba492c86c82344e7) Importer(815301076,1909f56bfc062723c751e8b465ee728b)  -> (artifact id: 'd87c79b18322718cd9115fc6bc3ff8a2') in 0.058503 seconds
  Import took 0.074309 seconds .

========================================================================
Received Import Request.
  Time since last request: 0.000617 seconds.
  path: Assets/Sprites/Tiles/tileset_6.asset
  artifactKey: Guid(e62ebb421620a634089d688fc921fa40) Importer(815301076,1909f56bfc062723c751e8b465ee728b)
Start importing Assets/Sprites/Tiles/tileset_6.asset using Guid(e62ebb421620a634089d688fc921fa40) Importer(815301076,1909f56bfc062723c751e8b465ee728b)  -> (artifact id: '0187ff7e7db16691bb04f0d93677726e') in 0.069765 seconds
  Import took 0.083230 seconds .

========================================================================
Received Import Request.
  Time since last request: 0.000397 seconds.
  path: Assets/Sprites/Tiles/tileset_4.asset
  artifactKey: Guid(198ef1dfedccac444b09230a33eae1a3) Importer(815301076,1909f56bfc062723c751e8b465ee728b)
Start importing Assets/Sprites/Tiles/tileset_4.asset using Guid(198ef1dfedccac444b09230a33eae1a3) Importer(815301076,1909f56bfc062723c751e8b465ee728b)  -> (artifact id: 'd6489ef3607ae69886acfc8d63c2373f') in 0.035236 seconds
  Import took 0.052767 seconds .

========================================================================
Received Import Request.
  Time since last request: 0.000471 seconds.
  path: Assets/Sprites/Tiles/tileset_34.asset
  artifactKey: Guid(7e8b27f4f9bd8c8408e1266db621d5ab) Importer(815301076,1909f56bfc062723c751e8b465ee728b)
Start importing Assets/Sprites/Tiles/tileset_34.asset using Guid(7e8b27f4f9bd8c8408e1266db621d5ab) Importer(815301076,1909f56bfc062723c751e8b465ee728b)  -> (artifact id: '792b5c5cf6338b9726e973f201fd9089') in 0.057260 seconds
  Import took 0.075036 seconds .

========================================================================
Received Import Request.
  Time since last request: 0.000761 seconds.
  path: Assets/Sprites/Tiles/tileset_12.asset
  artifactKey: Guid(b8996f14706bd5b418eca018441d294a) Importer(815301076,1909f56bfc062723c751e8b465ee728b)
Start importing Assets/Sprites/Tiles/tileset_12.asset using Guid(b8996f14706bd5b418eca018441d294a) Importer(815301076,1909f56bfc062723c751e8b465ee728b)  -> (artifact id: '543c59ef238bd5e3c43aa3d4fe4e8a5c') in 0.029945 seconds
  Import took 0.039151 seconds .

========================================================================
Received Import Request.
  Time since last request: 0.000511 seconds.
  path: Assets/Sprites/Tiles/tileset_20.asset
  artifactKey: Guid(1be9aaa789103a141ad69ca7670faf8b) Importer(815301076,1909f56bfc062723c751e8b465ee728b)
Start importing Assets/Sprites/Tiles/tileset_20.asset using Guid(1be9aaa789103a141ad69ca7670faf8b) Importer(815301076,1909f56bfc062723c751e8b465ee728b)  -> (artifact id: '2c59b1e155cb0d8083e1f08d64f3fff2') in 0.042555 seconds
  Import took 0.057414 seconds .

========================================================================
Received Import Request.
  Time since last request: 0.000831 seconds.
  path: Assets/Sprites/Tiles/tileset_102.asset
  artifactKey: Guid(4c378898cac63a444af5ceb74eeaf4e4) Importer(815301076,1909f56bfc062723c751e8b465ee728b)
Start importing Assets/Sprites/Tiles/tileset_102.asset using Guid(4c378898cac63a444af5ceb74eeaf4e4) Importer(815301076,1909f56bfc062723c751e8b465ee728b)  -> (artifact id: '2639fd70c940c493cdc64694f1ed5afa') in 0.048846 seconds
  Import took 0.067657 seconds .

========================================================================
Received Import Request.
  Time since last request: 0.000824 seconds.
  path: Assets/Sprites/Tiles/tileset_87.asset
  artifactKey: Guid(e2ae8b13d4f121d4e8cf872833adb201) Importer(815301076,1909f56bfc062723c751e8b465ee728b)
Start importing Assets/Sprites/Tiles/tileset_87.asset using Guid(e2ae8b13d4f121d4e8cf872833adb201) Importer(815301076,1909f56bfc062723c751e8b465ee728b)  -> (artifact id: '9d0eede7edb0a1d6915658aaaba55601') in 0.045281 seconds
  Import took 0.058198 seconds .

========================================================================
Received Import Request.
  Time since last request: 0.000568 seconds.
  path: Assets/Sprites/Tiles/tileset_81.asset
  artifactKey: Guid(d0475764890c20d42bf91c826637784d) Importer(815301076,1909f56bfc062723c751e8b465ee728b)
Start importing Assets/Sprites/Tiles/tileset_81.asset using Guid(d0475764890c20d42bf91c826637784d) Importer(815301076,1909f56bfc062723c751e8b465ee728b)  -> (artifact id: '1284b94bf7d05b637c773fc1db9f5565') in 0.039864 seconds
  Import took 0.056735 seconds .

========================================================================
Received Import Request.
  Time since last request: 0.000748 seconds.
  path: Assets/Sprites/Tiles/tileset_107.asset
  artifactKey: Guid(0f3a978db2af32a4793a37855c0b5659) Importer(815301076,1909f56bfc062723c751e8b465ee728b)
Start importing Assets/Sprites/Tiles/tileset_107.asset using Guid(0f3a978db2af32a4793a37855c0b5659) Importer(815301076,1909f56bfc062723c751e8b465ee728b)  -> (artifact id: '9053a4922854de26562431189b0b57d8') in 0.046312 seconds
  Import took 0.068990 seconds .

========================================================================
Received Import Request.
  Time since last request: 0.000684 seconds.
  path: Assets/Sprites/Tiles/tileset_103.asset
  artifactKey: Guid(214ea54ea0ebfd14fb779f033f77ce60) Importer(815301076,1909f56bfc062723c751e8b465ee728b)
Start importing Assets/Sprites/Tiles/tileset_103.asset using Guid(214ea54ea0ebfd14fb779f033f77ce60) Importer(815301076,1909f56bfc062723c751e8b465ee728b)  -> (artifact id: '7cb8818ba394120cb4542cf9c9072963') in 0.041598 seconds
  Import took 0.063009 seconds .

========================================================================
Received Import Request.
  Time since last request: 0.000638 seconds.
  path: Assets/Sprites/Tiles/tileset_91.asset
  artifactKey: Guid(437d0563ff4d1aa4aa9503f63c242cd4) Importer(815301076,1909f56bfc062723c751e8b465ee728b)
Start importing Assets/Sprites/Tiles/tileset_91.asset using Guid(437d0563ff4d1aa4aa9503f63c242cd4) Importer(815301076,1909f56bfc062723c751e8b465ee728b)  -> (artifact id: '1149d129f24ca9a11045c52a1ce977be') in 0.044525 seconds
  Import took 0.059585 seconds .

========================================================================
Received Import Request.
  Time since last request: 0.000700 seconds.
  path: Assets/Sprites/Tiles/tileset_98.asset
  artifactKey: Guid(6a89eee098ac8b242a1fa75ee758cb33) Importer(815301076,1909f56bfc062723c751e8b465ee728b)
Start importing Assets/Sprites/Tiles/tileset_98.asset using Guid(6a89eee098ac8b242a1fa75ee758cb33) Importer(815301076,1909f56bfc062723c751e8b465ee728b)  -> (artifact id: '325b5c6c1bb165b2337a670d0c3d4f19') in 0.040822 seconds
  Import took 0.056235 seconds .

========================================================================
Received Import Request.
  Time since last request: 0.000706 seconds.
  path: Assets/Sprites/Tiles/tileset_92.asset
  artifactKey: Guid(2093909d77309a447b619587e702fcc6) Importer(815301076,1909f56bfc062723c751e8b465ee728b)
Start importing Assets/Sprites/Tiles/tileset_92.asset using Guid(2093909d77309a447b619587e702fcc6) Importer(815301076,1909f56bfc062723c751e8b465ee728b)  -> (artifact id: '1f7f39e7255bb5c4c862b421d1cf9ca3') in 0.052519 seconds
  Import took 0.068425 seconds .

========================================================================
Received Import Request.
  Time since last request: 0.000631 seconds.
  path: Assets/Sprites/Tiles/tileset_95.asset
  artifactKey: Guid(b1bc80f033ff732448dac661390792b7) Importer(815301076,1909f56bfc062723c751e8b465ee728b)
Start importing Assets/Sprites/Tiles/tileset_95.asset using Guid(b1bc80f033ff732448dac661390792b7) Importer(815301076,1909f56bfc062723c751e8b465ee728b)  -> (artifact id: 'b01a5fea1c29207ef0477901a8f029c4') in 0.043692 seconds
  Import took 0.060822 seconds .

========================================================================
Received Import Request.
  Time since last request: 0.000576 seconds.
  path: Assets/Sprites/Tiles/tileset_89.asset
  artifactKey: Guid(2b04d34e318e3ff418de86d6eb9a1d64) Importer(815301076,1909f56bfc062723c751e8b465ee728b)
Start importing Assets/Sprites/Tiles/tileset_89.asset using Guid(2b04d34e318e3ff418de86d6eb9a1d64) Importer(815301076,1909f56bfc062723c751e8b465ee728b)  -> (artifact id: 'd8fc7f784955bb09712a8fec78afc093') in 0.046963 seconds
  Import took 0.062399 seconds .

========================================================================
Received Import Request.
  Time since last request: 0.000721 seconds.
  path: Assets/Sprites/Tiles/tileset_101.asset
  artifactKey: Guid(162cd9286f01d5e4eae6882ff9c9fcc0) Importer(815301076,1909f56bfc062723c751e8b465ee728b)
Start importing Assets/Sprites/Tiles/tileset_101.asset using Guid(162cd9286f01d5e4eae6882ff9c9fcc0) Importer(815301076,1909f56bfc062723c751e8b465ee728b)  -> (artifact id: 'b2285485b807dc56c5a049cd6d0026c7') in 0.049197 seconds
  Import took 0.072150 seconds .

========================================================================
Received Import Request.
  Time since last request: 0.001449 seconds.
  path: Assets/Sprites/Tiles/tileset_2.asset
  artifactKey: Guid(568a340471650b640ac4586efac269ba) Importer(815301076,1909f56bfc062723c751e8b465ee728b)
Start importing Assets/Sprites/Tiles/tileset_2.asset using Guid(568a340471650b640ac4586efac269ba) Importer(815301076,1909f56bfc062723c751e8b465ee728b)  -> (artifact id: 'bbca60745e0202a532c8d0dbc052b2a1') in 0.031753 seconds
  Import took 0.075737 seconds .

========================================================================
Received Import Request.
  Time since last request: 0.000792 seconds.
  path: Assets/Sprites/Tiles/tileset_17.asset
  artifactKey: Guid(2064a7931ce31ce4e9401f9b947c63cb) Importer(815301076,1909f56bfc062723c751e8b465ee728b)
Start importing Assets/Sprites/Tiles/tileset_17.asset using Guid(2064a7931ce31ce4e9401f9b947c63cb) Importer(815301076,1909f56bfc062723c751e8b465ee728b)  -> (artifact id: '41732cb14577a00db513e165623eae11') in 0.064189 seconds
  Import took 0.081954 seconds .

========================================================================
Received Import Request.
  Time since last request: 0.000586 seconds.
  path: Assets/Sprites/Tiles/tileset_8.asset
  artifactKey: Guid(360578b47e0a81747a6683f2c07a0a58) Importer(815301076,1909f56bfc062723c751e8b465ee728b)
Start importing Assets/Sprites/Tiles/tileset_8.asset using Guid(360578b47e0a81747a6683f2c07a0a58) Importer(815301076,1909f56bfc062723c751e8b465ee728b)  -> (artifact id: '9d206631902b4c47aec0f5c5281cdddb') in 0.026256 seconds
  Import took 0.034747 seconds .

========================================================================
Received Import Request.
  Time since last request: 0.000530 seconds.
  path: Assets/Sprites/Tiles/tileset_21.asset
  artifactKey: Guid(177bbbdd72a7dbc4992db99eb4160c70) Importer(815301076,1909f56bfc062723c751e8b465ee728b)
Start importing Assets/Sprites/Tiles/tileset_21.asset using Guid(177bbbdd72a7dbc4992db99eb4160c70) Importer(815301076,1909f56bfc062723c751e8b465ee728b)  -> (artifact id: '72d23aa70ec6f9eef520ee885e609d79') in 0.033018 seconds
  Import took 0.047315 seconds .

========================================================================
Received Import Request.
  Time since last request: 0.001037 seconds.
  path: Assets/Sprites/Tiles/tileset_52.asset
  artifactKey: Guid(d8d9daa915f7a004e8d52e5137f0a232) Importer(815301076,1909f56bfc062723c751e8b465ee728b)
Start importing Assets/Sprites/Tiles/tileset_52.asset using Guid(d8d9daa915f7a004e8d52e5137f0a232) Importer(815301076,1909f56bfc062723c751e8b465ee728b)  -> (artifact id: 'ee7bdbce2fb0dcbb971157c595824942') in 0.046004 seconds
  Import took 0.063744 seconds .

========================================================================
Received Import Request.
  Time since last request: 0.000806 seconds.
  path: Assets/Sprites/Tiles/tileset_50.asset
  artifactKey: Guid(51b5c6d8fc5df114b9a0155ac6254cec) Importer(815301076,1909f56bfc062723c751e8b465ee728b)
Start importing Assets/Sprites/Tiles/tileset_50.asset using Guid(51b5c6d8fc5df114b9a0155ac6254cec) Importer(815301076,1909f56bfc062723c751e8b465ee728b)  -> (artifact id: 'ff562fa1fdf79830ed1c44f46b0d8694') in 0.074392 seconds
  Import took 0.104303 seconds .

========================================================================
Received Import Request.
  Time since last request: 0.001099 seconds.
  path: Assets/Sprites/Tiles/tileset_53.asset
  artifactKey: Guid(2225861c50d306144992babba5a34e28) Importer(815301076,1909f56bfc062723c751e8b465ee728b)
Start importing Assets/Sprites/Tiles/tileset_53.asset using Guid(2225861c50d306144992babba5a34e28) Importer(815301076,1909f56bfc062723c751e8b465ee728b)  -> (artifact id: '4cb2c5a7aa34500f33030ff4e8a80457') in 0.058690 seconds
  Import took 0.084917 seconds .

========================================================================
Received Import Request.
  Time since last request: 0.000909 seconds.
  path: Assets/Sprites/Tiles/tileset_46.asset
  artifactKey: Guid(60bb02ec9aa5d6f45bb9aee9a630d68e) Importer(815301076,1909f56bfc062723c751e8b465ee728b)
Start importing Assets/Sprites/Tiles/tileset_46.asset using Guid(60bb02ec9aa5d6f45bb9aee9a630d68e) Importer(815301076,1909f56bfc062723c751e8b465ee728b)  -> (artifact id: 'cd9a0363781dcb42965c672a5563544a') in 0.054723 seconds
  Import took 0.074898 seconds .

========================================================================
Received Import Request.
  Time since last request: 0.000850 seconds.
  path: Assets/Sprites/Tiles/tileset_96.asset
  artifactKey: Guid(365403dae1adaac4b80a58aa5cf090b3) Importer(815301076,1909f56bfc062723c751e8b465ee728b)
Start importing Assets/Sprites/Tiles/tileset_96.asset using Guid(365403dae1adaac4b80a58aa5cf090b3) Importer(815301076,1909f56bfc062723c751e8b465ee728b)  -> (artifact id: '4a77492b01eec4ba980024a84e2e050f') in 0.042652 seconds
  Import took 0.059284 seconds .

========================================================================
Received Import Request.
  Time since last request: 0.000717 seconds.
  path: Assets/Sprites/Tiles/tileset_108.asset
  artifactKey: Guid(cd046db6daeaafd42b545f99c1cbde0e) Importer(815301076,1909f56bfc062723c751e8b465ee728b)
Start importing Assets/Sprites/Tiles/tileset_108.asset using Guid(cd046db6daeaafd42b545f99c1cbde0e) Importer(815301076,1909f56bfc062723c751e8b465ee728b)  -> (artifact id: '0db3d9102ee3d81b65d7b4729af3dba9') in 0.054509 seconds
  Import took 0.070654 seconds .

========================================================================
Received Import Request.
  Time since last request: 0.000624 seconds.
  path: Assets/Sprites/Tiles/tileset_35.asset
  artifactKey: Guid(2c44cd55ed4ec3242ab64189ba691ae1) Importer(815301076,1909f56bfc062723c751e8b465ee728b)
Start importing Assets/Sprites/Tiles/tileset_35.asset using Guid(2c44cd55ed4ec3242ab64189ba691ae1) Importer(815301076,1909f56bfc062723c751e8b465ee728b)  -> (artifact id: '40eb485f208ba8aa5588060ad7ee6f3d') in 0.035361 seconds
  Import took 0.052860 seconds .

========================================================================
Received Import Request.
  Time since last request: 0.001669 seconds.
  path: Assets/Sprites/Tiles/tileset_99.asset
  artifactKey: Guid(393fddbd49eaea64484f8ee98254075e) Importer(815301076,1909f56bfc062723c751e8b465ee728b)
Start importing Assets/Sprites/Tiles/tileset_99.asset using Guid(393fddbd49eaea64484f8ee98254075e) Importer(815301076,1909f56bfc062723c751e8b465ee728b)  -> (artifact id: 'df613c23898eb909bf7ca4c298f0ab60') in 0.042365 seconds
  Import took 0.056596 seconds .

========================================================================
Received Import Request.
  Time since last request: 0.000707 seconds.
  path: Assets/Sprites/Tiles/tileset_106.asset
  artifactKey: Guid(ba216bd0dfe0ea24394fdc55016d29a6) Importer(815301076,1909f56bfc062723c751e8b465ee728b)
Start importing Assets/Sprites/Tiles/tileset_106.asset using Guid(ba216bd0dfe0ea24394fdc55016d29a6) Importer(815301076,1909f56bfc062723c751e8b465ee728b)  -> (artifact id: '4abc5f0ca4f209c6d1d216d5e6de1588') in 0.041705 seconds
  Import took 0.055823 seconds .

========================================================================
Received Import Request.
  Time since last request: 0.000489 seconds.
  path: Assets/Sprites/Tiles/tileset_48.asset
  artifactKey: Guid(68007097eebbae9439bdabac2c192650) Importer(815301076,1909f56bfc062723c751e8b465ee728b)
Start importing Assets/Sprites/Tiles/tileset_48.asset using Guid(68007097eebbae9439bdabac2c192650) Importer(815301076,1909f56bfc062723c751e8b465ee728b)  -> (artifact id: 'b3fd32f255198db6ceedff523bcbd4fd') in 0.034894 seconds
  Import took 0.051160 seconds .

========================================================================
Received Import Request.
  Time since last request: 0.000954 seconds.
  path: Assets/Sprites/Tiles/tileset_86.asset
  artifactKey: Guid(f029a0a1ccab7f042a47f99602f78157) Importer(815301076,1909f56bfc062723c751e8b465ee728b)
Start importing Assets/Sprites/Tiles/tileset_86.asset using Guid(f029a0a1ccab7f042a47f99602f78157) Importer(815301076,1909f56bfc062723c751e8b465ee728b)  -> (artifact id: '617b041c84ac1c68f11b6a62e2fe2db9') in 0.052174 seconds
  Import took 0.069834 seconds .

========================================================================
Received Import Request.
  Time since last request: 0.001357 seconds.
  path: Assets/Sprites/Tiles/tileset_51.asset
  artifactKey: Guid(c189cd0c2be352d418a5bde88e5a67aa) Importer(815301076,1909f56bfc062723c751e8b465ee728b)
Start importing Assets/Sprites/Tiles/tileset_51.asset using Guid(c189cd0c2be352d418a5bde88e5a67aa) Importer(815301076,1909f56bfc062723c751e8b465ee728b)  -> (artifact id: 'cd3db2b782bc669acaecc15552d9f2a5') in 0.026947 seconds
  Import took 0.039267 seconds .

========================================================================
Received Import Request.
  Time since last request: 0.000771 seconds.
  path: Assets/Sprites/Tiles/tileset_40.asset
  artifactKey: Guid(4dbff48905742a346b407ebf7a97cd8b) Importer(815301076,1909f56bfc062723c751e8b465ee728b)
Start importing Assets/Sprites/Tiles/tileset_40.asset using Guid(4dbff48905742a346b407ebf7a97cd8b) Importer(815301076,1909f56bfc062723c751e8b465ee728b)  -> (artifact id: '1bf6ae9c513540f9be102e667880c847') in 0.070256 seconds
  Import took 0.090546 seconds .

========================================================================
Received Import Request.
  Time since last request: 0.000912 seconds.
  path: Assets/Sprites/Tiles/tileset_80.asset
  artifactKey: Guid(1ded5bef62fb43b42b8970528cb6dbf3) Importer(815301076,1909f56bfc062723c751e8b465ee728b)
Start importing Assets/Sprites/Tiles/tileset_80.asset using Guid(1ded5bef62fb43b42b8970528cb6dbf3) Importer(815301076,1909f56bfc062723c751e8b465ee728b)  -> (artifact id: '3195f626d885574a05db0750df1567e4') in 0.049474 seconds
  Import took 0.090512 seconds .

========================================================================
Received Import Request.
  Time since last request: 0.000416 seconds.
  path: Assets/Sprites/Tiles/tileset_10.asset
  artifactKey: Guid(a263c3c744ff36747bf6b61f66a0ef13) Importer(815301076,1909f56bfc062723c751e8b465ee728b)
Start importing Assets/Sprites/Tiles/tileset_10.asset using Guid(a263c3c744ff36747bf6b61f66a0ef13) Importer(815301076,1909f56bfc062723c751e8b465ee728b)  -> (artifact id: 'a10e90758df0de641c0ea6c653810a46') in 0.036438 seconds
  Import took 0.057991 seconds .

========================================================================
Received Import Request.
  Time since last request: 0.000424 seconds.
  path: Assets/Sprites/Tiles/tileset_84.asset
  artifactKey: Guid(6402a53162f26b6479bdab18d55959a6) Importer(815301076,1909f56bfc062723c751e8b465ee728b)
Start importing Assets/Sprites/Tiles/tileset_84.asset using Guid(6402a53162f26b6479bdab18d55959a6) Importer(815301076,1909f56bfc062723c751e8b465ee728b)  -> (artifact id: '6839ff03489f053b5b1707141ea8cfca') in 0.050179 seconds
  Import took 0.073809 seconds .

========================================================================
Received Import Request.
  Time since last request: 0.000425 seconds.
  path: Assets/Sprites/Tiles/tileset_94.asset
  artifactKey: Guid(299f81350f478794286524a751659c01) Importer(815301076,1909f56bfc062723c751e8b465ee728b)
Start importing Assets/Sprites/Tiles/tileset_94.asset using Guid(299f81350f478794286524a751659c01) Importer(815301076,1909f56bfc062723c751e8b465ee728b)  -> (artifact id: '6a6897adb2d437f20a49c1d6fcfc526f') in 0.050037 seconds
  Import took 0.085144 seconds .

========================================================================
Received Import Request.
  Time since last request: 0.000373 seconds.
  path: Assets/Sprites/Tiles/tileset_60.asset
  artifactKey: Guid(50e86487d557597468f5987cf246507a) Importer(815301076,1909f56bfc062723c751e8b465ee728b)
Start importing Assets/Sprites/Tiles/tileset_60.asset using Guid(50e86487d557597468f5987cf246507a) Importer(815301076,1909f56bfc062723c751e8b465ee728b)  -> (artifact id: '720832f656f6d8b7e32ec7383b274066') in 0.051160 seconds
  Import took 0.066978 seconds .

========================================================================
Received Import Request.
  Time since last request: 0.001079 seconds.
  path: Assets/Sprites/Tiles/tileset_36.asset
  artifactKey: Guid(2637574899ff0514e9368a82500d5b60) Importer(815301076,1909f56bfc062723c751e8b465ee728b)
Start importing Assets/Sprites/Tiles/tileset_36.asset using Guid(2637574899ff0514e9368a82500d5b60) Importer(815301076,1909f56bfc062723c751e8b465ee728b)  -> (artifact id: '1c939fae8f9d2f6dc8ebe014de2871bf') in 0.041342 seconds
  Import took 0.050862 seconds .

========================================================================
Received Import Request.
  Time since last request: 0.000789 seconds.
  path: Assets/Sprites/Tiles/tileset_49.asset
  artifactKey: Guid(abf65d92b9e27544e89a04d7844f4a47) Importer(815301076,1909f56bfc062723c751e8b465ee728b)
Start importing Assets/Sprites/Tiles/tileset_49.asset using Guid(abf65d92b9e27544e89a04d7844f4a47) Importer(815301076,1909f56bfc062723c751e8b465ee728b)  -> (artifact id: '52f6a607db8b5ad7d51df958f3014ca0') in 0.042918 seconds
  Import took 0.055172 seconds .

========================================================================
Received Import Request.
  Time since last request: 0.000389 seconds.
  path: Assets/Sprites/Tiles/tileset_41.asset
  artifactKey: Guid(d2ca52847dd012540ad33bcbf1603a3b) Importer(815301076,1909f56bfc062723c751e8b465ee728b)
Start importing Assets/Sprites/Tiles/tileset_41.asset using Guid(d2ca52847dd012540ad33bcbf1603a3b) Importer(815301076,1909f56bfc062723c751e8b465ee728b)  -> (artifact id: '46d5cb5945925c6056ae8e65fabd23ce') in 0.033531 seconds
  Import took 0.042742 seconds .

========================================================================
Received Import Request.
  Time since last request: 0.000320 seconds.
  path: Assets/Sprites/Tiles/tileset_55.asset
  artifactKey: Guid(2a00a9e23e48d654ebcc1f4fb818ae1b) Importer(815301076,1909f56bfc062723c751e8b465ee728b)
Start importing Assets/Sprites/Tiles/tileset_55.asset using Guid(2a00a9e23e48d654ebcc1f4fb818ae1b) Importer(815301076,1909f56bfc062723c751e8b465ee728b)  -> (artifact id: '66097f7b6168fa735dcdc4123fd700fc') in 0.029853 seconds
  Import took 0.039198 seconds .

========================================================================
Received Import Request.
  Time since last request: 0.000342 seconds.
  path: Assets/Sprites/Tiles/tileset_37.asset
  artifactKey: Guid(0f5fa195d5c8bc54bab0d9369d6e9847) Importer(815301076,1909f56bfc062723c751e8b465ee728b)
Start importing Assets/Sprites/Tiles/tileset_37.asset using Guid(0f5fa195d5c8bc54bab0d9369d6e9847) Importer(815301076,1909f56bfc062723c751e8b465ee728b)  -> (artifact id: '44ae467d4221bb97d7ca7fddd6b0b9a4') in 0.026939 seconds
  Import took 0.036813 seconds .

========================================================================
Received Import Request.
  Time since last request: 0.000387 seconds.
  path: Assets/Sprites/Tiles/tileset_24.asset
  artifactKey: Guid(a710d5205d34e56419e7e82a90dc70dc) Importer(815301076,1909f56bfc062723c751e8b465ee728b)
Start importing Assets/Sprites/Tiles/tileset_24.asset using Guid(a710d5205d34e56419e7e82a90dc70dc) Importer(815301076,1909f56bfc062723c751e8b465ee728b)  -> (artifact id: '1bd8145a82e5a63745b79d2bff136cda') in 0.028651 seconds
  Import took 0.038727 seconds .

========================================================================
Received Import Request.
  Time since last request: 0.000426 seconds.
  path: Assets/Sprites/Tiles/tileset_5.asset
  artifactKey: Guid(3a5d4df0783929f4f93736f9118fe532) Importer(815301076,1909f56bfc062723c751e8b465ee728b)
Start importing Assets/Sprites/Tiles/tileset_5.asset using Guid(3a5d4df0783929f4f93736f9118fe532) Importer(815301076,1909f56bfc062723c751e8b465ee728b)  -> (artifact id: '77714d0fc881a749bdfd31797c66b894') in 0.032644 seconds
  Import took 0.044444 seconds .

========================================================================
Received Import Request.
  Time since last request: 0.000513 seconds.
  path: Assets/Sprites/Tiles/tileset_27.asset
  artifactKey: Guid(be101517fb03d834a80acffc6269f072) Importer(815301076,1909f56bfc062723c751e8b465ee728b)
Start importing Assets/Sprites/Tiles/tileset_27.asset using Guid(be101517fb03d834a80acffc6269f072) Importer(815301076,1909f56bfc062723c751e8b465ee728b)  -> (artifact id: 'ddd58b4b79f7b78fa14acca98f115533') in 0.030681 seconds
  Import took 0.042677 seconds .

========================================================================
Received Import Request.
  Time since last request: 0.000403 seconds.
  path: Assets/Sprites/Tiles/tileset_16.asset
  artifactKey: Guid(4207158ccb6cfa548b439d7fc58728a1) Importer(815301076,1909f56bfc062723c751e8b465ee728b)
Start importing Assets/Sprites/Tiles/tileset_16.asset using Guid(4207158ccb6cfa548b439d7fc58728a1) Importer(815301076,1909f56bfc062723c751e8b465ee728b)  -> (artifact id: '1c0b86a2868841bb2f9439b709db509a') in 0.035421 seconds
  Import took 0.046679 seconds .

========================================================================
Received Import Request.
  Time since last request: 0.000453 seconds.
  path: Assets/Sprites/Tiles/tileset_23.asset
  artifactKey: Guid(2019e1f58e84807468ace786c0e42438) Importer(815301076,1909f56bfc062723c751e8b465ee728b)
Start importing Assets/Sprites/Tiles/tileset_23.asset using Guid(2019e1f58e84807468ace786c0e42438) Importer(815301076,1909f56bfc062723c751e8b465ee728b)  -> (artifact id: '0e647dee3fbb6bf7cc18f5acb279fce1') in 0.025231 seconds
  Import took 0.035332 seconds .

========================================================================
Received Import Request.
  Time since last request: 0.000382 seconds.
  path: Assets/Sprites/Tiles/tileset_28.asset
  artifactKey: Guid(00192552198c85941a43cb1aa6f1b181) Importer(815301076,1909f56bfc062723c751e8b465ee728b)
Start importing Assets/Sprites/Tiles/tileset_28.asset using Guid(00192552198c85941a43cb1aa6f1b181) Importer(815301076,1909f56bfc062723c751e8b465ee728b)  -> (artifact id: '33486dbb9ab15152a6476a8889fc3d4d') in 0.029358 seconds
  Import took 0.038844 seconds .

========================================================================
Received Import Request.
  Time since last request: 0.000377 seconds.
  path: Assets/Sprites/Tiles/tileset_57.asset
  artifactKey: Guid(e88c65afd5feead49b2b1b37f93f0665) Importer(815301076,1909f56bfc062723c751e8b465ee728b)
Start importing Assets/Sprites/Tiles/tileset_57.asset using Guid(e88c65afd5feead49b2b1b37f93f0665) Importer(815301076,1909f56bfc062723c751e8b465ee728b)  -> (artifact id: '09bf0e6e4fd21a77bc6c38f3af7c7f55') in 0.030620 seconds
  Import took 0.041600 seconds .

========================================================================
Received Import Request.
  Time since last request: 0.000420 seconds.
  path: Assets/Sprites/Tiles/tileset_105.asset
  artifactKey: Guid(9581e262ed5486b4ab66ec6f1b6caab4) Importer(815301076,1909f56bfc062723c751e8b465ee728b)
Start importing Assets/Sprites/Tiles/tileset_105.asset using Guid(9581e262ed5486b4ab66ec6f1b6caab4) Importer(815301076,1909f56bfc062723c751e8b465ee728b)  -> (artifact id: 'debb45bd7bf7e7bf7c2478782defde4f') in 0.038504 seconds
  Import took 0.049120 seconds .

========================================================================
Received Import Request.
  Time since last request: 0.000536 seconds.
  path: Assets/Sprites/Tiles/tileset_29.asset
  artifactKey: Guid(a06a0e2a53f165c449145d59dba14f2f) Importer(815301076,1909f56bfc062723c751e8b465ee728b)
Start importing Assets/Sprites/Tiles/tileset_29.asset using Guid(a06a0e2a53f165c449145d59dba14f2f) Importer(815301076,1909f56bfc062723c751e8b465ee728b)  -> (artifact id: 'b683f04d8d4bc94f2caefb5e7cee87a5') in 0.022755 seconds
  Import took 0.032641 seconds .

========================================================================
Received Import Request.
  Time since last request: 0.000375 seconds.
  path: Assets/Sprites/Tiles/tileset_56.asset
  artifactKey: Guid(257ea1436e46d4649a904c644c3c3a6f) Importer(815301076,1909f56bfc062723c751e8b465ee728b)
Start importing Assets/Sprites/Tiles/tileset_56.asset using Guid(257ea1436e46d4649a904c644c3c3a6f) Importer(815301076,1909f56bfc062723c751e8b465ee728b)  -> (artifact id: 'd432f59eb6034b6660c8dc1129f4b415') in 0.031260 seconds
  Import took 0.041476 seconds .

========================================================================
Received Import Request.
  Time since last request: 0.001476 seconds.
  path: Assets/Sprites/Tiles/tileset_83.asset
  artifactKey: Guid(db85cd646f584c044a7db942a1bad047) Importer(815301076,1909f56bfc062723c751e8b465ee728b)
Start importing Assets/Sprites/Tiles/tileset_83.asset using Guid(db85cd646f584c044a7db942a1bad047) Importer(815301076,1909f56bfc062723c751e8b465ee728b)  -> (artifact id: 'cf22d993219516f2229002a5e853fb97') in 0.049899 seconds
  Import took 0.066006 seconds .

========================================================================
Received Import Request.
  Time since last request: 0.000607 seconds.
  path: Assets/Sprites/Tiles/tileset_44.asset
  artifactKey: Guid(cd14a007e59e6c643a932a63deb7659c) Importer(815301076,1909f56bfc062723c751e8b465ee728b)
Start importing Assets/Sprites/Tiles/tileset_44.asset using Guid(cd14a007e59e6c643a932a63deb7659c) Importer(815301076,1909f56bfc062723c751e8b465ee728b)  -> (artifact id: '85bf468e89b7b52bc90749f1e1c664a6') in 0.071313 seconds
  Import took 0.082567 seconds .

========================================================================
Received Import Request.
  Time since last request: 0.000660 seconds.
  path: Assets/Sprites/Tiles/tileset_104.asset
  artifactKey: Guid(ab5f9989dfbd8544fac67dd0badb356d) Importer(815301076,1909f56bfc062723c751e8b465ee728b)
Start importing Assets/Sprites/Tiles/tileset_104.asset using Guid(ab5f9989dfbd8544fac67dd0badb356d) Importer(815301076,1909f56bfc062723c751e8b465ee728b)  -> (artifact id: '697db2ee79bff7d62a991db8918705c3') in 0.054258 seconds
  Import took 0.077656 seconds .

========================================================================
Received Import Request.
  Time since last request: 0.000621 seconds.
  path: Assets/Sprites/Tiles/tileset_85.asset
  artifactKey: Guid(b5b3891095afae247a2124d0061fd9a6) Importer(815301076,1909f56bfc062723c751e8b465ee728b)
Start importing Assets/Sprites/Tiles/tileset_85.asset using Guid(b5b3891095afae247a2124d0061fd9a6) Importer(815301076,1909f56bfc062723c751e8b465ee728b)  -> (artifact id: '96eaef45d3fa9f7d7cf8580336309fa6') in 0.053230 seconds
  Import took 0.073079 seconds .

========================================================================
Received Import Request.
  Time since last request: 0.000693 seconds.
  path: Assets/Sprites/Tiles/tileset_15.asset
  artifactKey: Guid(38b3fc5b33bc7ff489bede66f1dc94d1) Importer(815301076,1909f56bfc062723c751e8b465ee728b)
Start importing Assets/Sprites/Tiles/tileset_15.asset using Guid(38b3fc5b33bc7ff489bede66f1dc94d1) Importer(815301076,1909f56bfc062723c751e8b465ee728b)  -> (artifact id: '85429e7513f0429701eadb84d57a51e3') in 0.048538 seconds
  Import took 0.068240 seconds .

========================================================================
Received Import Request.
  Time since last request: 0.000611 seconds.
  path: Assets/Sprites/Tiles/tileset_82.asset
  artifactKey: Guid(f5c035bcbc193214f8104a5369b56ae7) Importer(815301076,1909f56bfc062723c751e8b465ee728b)
Start importing Assets/Sprites/Tiles/tileset_82.asset using Guid(f5c035bcbc193214f8104a5369b56ae7) Importer(815301076,1909f56bfc062723c751e8b465ee728b)  -> (artifact id: '61e8e92b16fa3344a63a0ef69a793cd9') in 0.055086 seconds
  Import took 0.069031 seconds .

========================================================================
Received Import Request.
  Time since last request: 0.000452 seconds.
  path: Assets/Sprites/Tiles/tileset_22.asset
  artifactKey: Guid(4da139edf42ad0b4a960f1620e510770) Importer(815301076,1909f56bfc062723c751e8b465ee728b)
Start importing Assets/Sprites/Tiles/tileset_22.asset using Guid(4da139edf42ad0b4a960f1620e510770) Importer(815301076,1909f56bfc062723c751e8b465ee728b)  -> (artifact id: 'd93124f847db90058773cf78ffd470f4') in 0.044845 seconds
  Import took 0.054786 seconds .

========================================================================
Received Import Request.
  Time since last request: 0.000541 seconds.
  path: Assets/Sprites/Tiles/tileset_31.asset
  artifactKey: Guid(e86469ce7ffcd3f42a28a20c05e2c1e4) Importer(815301076,1909f56bfc062723c751e8b465ee728b)
Start importing Assets/Sprites/Tiles/tileset_31.asset using Guid(e86469ce7ffcd3f42a28a20c05e2c1e4) Importer(815301076,1909f56bfc062723c751e8b465ee728b)  -> (artifact id: 'a4a3713c1ce93e125c250d9f7a9a7d1c') in 0.029376 seconds
  Import took 0.040339 seconds .

========================================================================
Received Import Request.
  Time since last request: 0.000921 seconds.
  path: Assets/Sprites/Tiles/tileset_47.asset
  artifactKey: Guid(aa8c1129da7c2834eb900b23c9d20acf) Importer(815301076,1909f56bfc062723c751e8b465ee728b)
Start importing Assets/Sprites/Tiles/tileset_47.asset using Guid(aa8c1129da7c2834eb900b23c9d20acf) Importer(815301076,1909f56bfc062723c751e8b465ee728b)  -> (artifact id: '03793348ccc8dded255f1b6dba8f47e2') in 0.024888 seconds
  Import took 0.036805 seconds .

========================================================================
Received Import Request.
  Time since last request: 0.000613 seconds.
  path: Assets/Sprites/Tiles/tileset_1.asset
  artifactKey: Guid(321c0208c8e5f144a8ebb02fc9324350) Importer(815301076,1909f56bfc062723c751e8b465ee728b)
Start importing Assets/Sprites/Tiles/tileset_1.asset using Guid(321c0208c8e5f144a8ebb02fc9324350) Importer(815301076,1909f56bfc062723c751e8b465ee728b)  -> (artifact id: '1788ad1f88bcdf267bfed84fe2b7864e') in 0.037279 seconds
  Import took 0.050155 seconds .

========================================================================
Received Import Request.
  Time since last request: 0.002862 seconds.
  path: Assets/Sprites/Tiles/tileset_100.asset
  artifactKey: Guid(5e6aab00ce9dcf54386e673153526280) Importer(815301076,1909f56bfc062723c751e8b465ee728b)
Start importing Assets/Sprites/Tiles/tileset_100.asset using Guid(5e6aab00ce9dcf54386e673153526280) Importer(815301076,1909f56bfc062723c751e8b465ee728b)  -> (artifact id: 'afd4de99d68373caaa5e3e74cffef9cd') in 0.040146 seconds
  Import took 0.053570 seconds .

========================================================================
Received Import Request.
  Time since last request: 0.000381 seconds.
  path: Assets/Sprites/Tiles/tileset_43.asset
  artifactKey: Guid(cc55d45cc0bf8fa4b84a28cf63f1e647) Importer(815301076,1909f56bfc062723c751e8b465ee728b)
Start importing Assets/Sprites/Tiles/tileset_43.asset using Guid(cc55d45cc0bf8fa4b84a28cf63f1e647) Importer(815301076,1909f56bfc062723c751e8b465ee728b)  -> (artifact id: '28762b0f9263c2935a9d28db6477259c') in 0.032733 seconds
  Import took 0.040796 seconds .

========================================================================
Received Import Request.
  Time since last request: 0.000300 seconds.
  path: Assets/Sprites/Tiles/tileset_45.asset
  artifactKey: Guid(2134828aef6cb56479e3077293719c95) Importer(815301076,1909f56bfc062723c751e8b465ee728b)
Start importing Assets/Sprites/Tiles/tileset_45.asset using Guid(2134828aef6cb56479e3077293719c95) Importer(815301076,1909f56bfc062723c751e8b465ee728b)  -> (artifact id: '86b00c291fbd6aa5a11ebddc3ec0a220') in 0.060285 seconds
  Import took 0.067435 seconds .

========================================================================
Received Import Request.
  Time since last request: 0.000340 seconds.
  path: Assets/Sprites/Tiles/tileset_65.asset
  artifactKey: Guid(c620f778f2095b740b04aa546cb9e2de) Importer(815301076,1909f56bfc062723c751e8b465ee728b)
Start importing Assets/Sprites/Tiles/tileset_65.asset using Guid(c620f778f2095b740b04aa546cb9e2de) Importer(815301076,1909f56bfc062723c751e8b465ee728b)  -> (artifact id: 'dae3dce94d6027ffc58360a3fbda3290') in 0.045313 seconds
  Import took 0.066178 seconds .

========================================================================
Received Import Request.
  Time since last request: 0.000635 seconds.
  path: Assets/Sprites/Tiles/tileset_64.asset
  artifactKey: Guid(bd84b084b5bc69345899185e25af5815) Importer(815301076,1909f56bfc062723c751e8b465ee728b)
Start importing Assets/Sprites/Tiles/tileset_64.asset using Guid(bd84b084b5bc69345899185e25af5815) Importer(815301076,1909f56bfc062723c751e8b465ee728b)  -> (artifact id: '9750f106608b07d6a330356e80e315bd') in 0.038735 seconds
  Import took 0.052127 seconds .

========================================================================
Received Import Request.
  Time since last request: 0.000575 seconds.
  path: Assets/Sprites/Tiles/tileset_61.asset
  artifactKey: Guid(7442ae56656eb0441804e4d475c27d3d) Importer(815301076,1909f56bfc062723c751e8b465ee728b)
Start importing Assets/Sprites/Tiles/tileset_61.asset using Guid(7442ae56656eb0441804e4d475c27d3d) Importer(815301076,1909f56bfc062723c751e8b465ee728b)  -> (artifact id: 'de746bcc76d7c95b30a517568e9da422') in 0.032245 seconds
  Import took 0.044049 seconds .

========================================================================
Received Import Request.
  Time since last request: 0.000626 seconds.
  path: Assets/Sprites/Tiles/tileset_63.asset
  artifactKey: Guid(58bd55f8d0b36604c8279c074c366541) Importer(815301076,1909f56bfc062723c751e8b465ee728b)
Start importing Assets/Sprites/Tiles/tileset_63.asset using Guid(58bd55f8d0b36604c8279c074c366541) Importer(815301076,1909f56bfc062723c751e8b465ee728b)  -> (artifact id: '4a49f6d900c4b1cf7834035e4db85085') in 0.059346 seconds
  Import took 0.077324 seconds .

========================================================================
Received Import Request.
  Time since last request: 0.000892 seconds.
  path: Assets/Sprites/Tiles/tileset_70.asset
  artifactKey: Guid(faa2f7b62a889124cb7ff0e460c744a9) Importer(815301076,1909f56bfc062723c751e8b465ee728b)
Start importing Assets/Sprites/Tiles/tileset_70.asset using Guid(faa2f7b62a889124cb7ff0e460c744a9) Importer(815301076,1909f56bfc062723c751e8b465ee728b)  -> (artifact id: 'e64122c4fbfe9029b16c8702de6c6330') in 0.067875 seconds
  Import took 0.085549 seconds .

========================================================================
Received Import Request.
  Time since last request: 0.000959 seconds.
  path: Assets/Sprites/Tiles/tileset_69.asset
  artifactKey: Guid(7a4ac3dd917f31044aa8502f9af5c9ec) Importer(815301076,1909f56bfc062723c751e8b465ee728b)
Start importing Assets/Sprites/Tiles/tileset_69.asset using Guid(7a4ac3dd917f31044aa8502f9af5c9ec) Importer(815301076,1909f56bfc062723c751e8b465ee728b)  -> (artifact id: '29a34d83d394fd6fd768fcd197637b64') in 0.061115 seconds
  Import took 0.073126 seconds .

========================================================================
Received Import Request.
  Time since last request: 0.000901 seconds.
  path: Assets/Sprites/Tiles/tileset_62.asset
  artifactKey: Guid(ef25d5f13f293a249a3f8ce804f709a6) Importer(815301076,1909f56bfc062723c751e8b465ee728b)
Start importing Assets/Sprites/Tiles/tileset_62.asset using Guid(ef25d5f13f293a249a3f8ce804f709a6) Importer(815301076,1909f56bfc062723c751e8b465ee728b)  -> (artifact id: '60efd0f67fc96af27ae9145e4909a9d6') in 0.025114 seconds
  Import took 0.035771 seconds .

========================================================================
Received Import Request.
  Time since last request: 0.000813 seconds.
  path: Assets/Sprites/Tiles/tileset_66.asset
  artifactKey: Guid(fb0a1f9812efe25418bb4756f102d717) Importer(815301076,1909f56bfc062723c751e8b465ee728b)
Start importing Assets/Sprites/Tiles/tileset_66.asset using Guid(fb0a1f9812efe25418bb4756f102d717) Importer(815301076,1909f56bfc062723c751e8b465ee728b)  -> (artifact id: '0688a02716b5808b256e676fa6e479fd') in 0.058103 seconds
  Import took 0.074347 seconds .

========================================================================
Received Import Request.
  Time since last request: 0.000776 seconds.
  path: Assets/Sprites/Tiles/tileset_25.asset
  artifactKey: Guid(5f783e58ce9fe5a4ca76198155c910ea) Importer(815301076,1909f56bfc062723c751e8b465ee728b)
Start importing Assets/Sprites/Tiles/tileset_25.asset using Guid(5f783e58ce9fe5a4ca76198155c910ea) Importer(815301076,1909f56bfc062723c751e8b465ee728b)  -> (artifact id: '5dc5a67b597534b0905a72d582d5397d') in 0.039385 seconds
  Import took 0.056317 seconds .

========================================================================
Received Import Request.
  Time since last request: 0.000419 seconds.
  path: Assets/Sprites/Tiles/tileset_30.asset
  artifactKey: Guid(c1d61301b18f2af4d949e7de29dbeb8b) Importer(815301076,1909f56bfc062723c751e8b465ee728b)
Start importing Assets/Sprites/Tiles/tileset_30.asset using Guid(c1d61301b18f2af4d949e7de29dbeb8b) Importer(815301076,1909f56bfc062723c751e8b465ee728b)  -> (artifact id: '507c97ea896eb26c774728b3f8916957') in 0.041687 seconds
  Import took 0.055438 seconds .

========================================================================
Received Import Request.
  Time since last request: 0.000424 seconds.
  path: Assets/Sprites/Tiles/tileset_7.asset
  artifactKey: Guid(d34f850e6636f51468a882b1d472df20) Importer(815301076,1909f56bfc062723c751e8b465ee728b)
Start importing Assets/Sprites/Tiles/tileset_7.asset using Guid(d34f850e6636f51468a882b1d472df20) Importer(815301076,1909f56bfc062723c751e8b465ee728b)  -> (artifact id: '8db168f2ea5644900aad7519a4879a0a') in 0.062622 seconds
  Import took 0.078629 seconds .

========================================================================
Received Import Request.
  Time since last request: 0.000872 seconds.
  path: Assets/Sprites/Tiles/tileset_39.asset
  artifactKey: Guid(95cecffc49be5d94aa853b39f0aacb55) Importer(815301076,1909f56bfc062723c751e8b465ee728b)
Start importing Assets/Sprites/Tiles/tileset_39.asset using Guid(95cecffc49be5d94aa853b39f0aacb55) Importer(815301076,1909f56bfc062723c751e8b465ee728b)  -> (artifact id: '759abc587929a9c9d18502f98c24f244') in 0.032497 seconds
  Import took 0.046104 seconds .

========================================================================
Received Import Request.
  Time since last request: 0.000753 seconds.
  path: Assets/Sprites/Tiles/tileset_97.asset
  artifactKey: Guid(3945163dc0fa3734c85b591cc10d978c) Importer(815301076,1909f56bfc062723c751e8b465ee728b)
Start importing Assets/Sprites/Tiles/tileset_97.asset using Guid(3945163dc0fa3734c85b591cc10d978c) Importer(815301076,1909f56bfc062723c751e8b465ee728b)  -> (artifact id: '24ddd72aa61015699cef663c55fb5e0a') in 0.066089 seconds
  Import took 0.092437 seconds .

========================================================================
Received Import Request.
  Time since last request: 0.000695 seconds.
  path: Assets/Sprites/Tiles/tileset_88.asset
  artifactKey: Guid(87ed112b88720394888ad40c61fdb290) Importer(815301076,1909f56bfc062723c751e8b465ee728b)
Start importing Assets/Sprites/Tiles/tileset_88.asset using Guid(87ed112b88720394888ad40c61fdb290) Importer(815301076,1909f56bfc062723c751e8b465ee728b)  -> (artifact id: '86f08390331c7a038ccb83f17ab8347c') in 0.033834 seconds
  Import took 0.045743 seconds .

========================================================================
Received Import Request.
  Time since last request: 0.000538 seconds.
  path: Assets/Sprites/Tiles/tileset_42.asset
  artifactKey: Guid(89500ab586f3553409643ab1a34eee97) Importer(815301076,1909f56bfc062723c751e8b465ee728b)
Start importing Assets/Sprites/Tiles/tileset_42.asset using Guid(89500ab586f3553409643ab1a34eee97) Importer(815301076,1909f56bfc062723c751e8b465ee728b)  -> (artifact id: '373ebb5f786aba5b374de73f35a7350d') in 0.037140 seconds
  Import took 0.062283 seconds .

========================================================================
Received Import Request.
  Time since last request: 0.001127 seconds.
  path: Assets/Sprites/Tiles/tileset_11.asset
  artifactKey: Guid(cab9ac30d3ab94b4d87472cc6acbdd92) Importer(815301076,1909f56bfc062723c751e8b465ee728b)
Start importing Assets/Sprites/Tiles/tileset_11.asset using Guid(cab9ac30d3ab94b4d87472cc6acbdd92) Importer(815301076,1909f56bfc062723c751e8b465ee728b)  -> (artifact id: '07a598e012bdfde83ac968ea5a1bc65c') in 0.050063 seconds
  Import took 0.070461 seconds .

========================================================================
Received Import Request.
  Time since last request: 0.000545 seconds.
  path: Assets/Sprites/Tiles/tileset_93.asset
  artifactKey: Guid(7606b1c2ecdea9641a9163fe9450af3d) Importer(815301076,1909f56bfc062723c751e8b465ee728b)
Start importing Assets/Sprites/Tiles/tileset_93.asset using Guid(7606b1c2ecdea9641a9163fe9450af3d) Importer(815301076,1909f56bfc062723c751e8b465ee728b)  -> (artifact id: 'd21547e0de6c9f131390c88e44505fbf') in 0.064586 seconds
  Import took 0.074114 seconds .

========================================================================
Received Import Request.
  Time since last request: 0.000347 seconds.
  path: Assets/Sprites/Tiles/tileset_13.asset
  artifactKey: Guid(e2b77934bf17dba419eb9eb1d45f3a67) Importer(815301076,1909f56bfc062723c751e8b465ee728b)
Start importing Assets/Sprites/Tiles/tileset_13.asset using Guid(e2b77934bf17dba419eb9eb1d45f3a67) Importer(815301076,1909f56bfc062723c751e8b465ee728b)  -> (artifact id: 'c6b1d3acfbd60d9edb6c0400e4932b91') in 0.027876 seconds
  Import took 0.036618 seconds .

========================================================================
Received Import Request.
  Time since last request: 0.000474 seconds.
  path: Assets/Sprites/Tiles/tileset_54.asset
  artifactKey: Guid(486181a733b98594ead738eeac787492) Importer(815301076,1909f56bfc062723c751e8b465ee728b)
Start importing Assets/Sprites/Tiles/tileset_54.asset using Guid(486181a733b98594ead738eeac787492) Importer(815301076,1909f56bfc062723c751e8b465ee728b)  -> (artifact id: 'a7c4511b7088e9d67b44ada27c41b47e') in 0.054384 seconds
  Import took 0.075406 seconds .

========================================================================
Received Import Request.
  Time since last request: 0.001375 seconds.
  path: Assets/Sprites/Tiles/tileset_59.asset
  artifactKey: Guid(f39010f6594b53842852d862e1f9f61c) Importer(815301076,1909f56bfc062723c751e8b465ee728b)
Start importing Assets/Sprites/Tiles/tileset_59.asset using Guid(f39010f6594b53842852d862e1f9f61c) Importer(815301076,1909f56bfc062723c751e8b465ee728b)  -> (artifact id: '0dded64cfcbbf75b3fec778a910c219b') in 0.061890 seconds
  Import took 0.076423 seconds .

========================================================================
Received Import Request.
  Time since last request: 0.000428 seconds.
  path: Assets/Sprites/Tiles/tileset_18.asset
  artifactKey: Guid(f702e0d436f078d4c933d61ca2dc7419) Importer(815301076,1909f56bfc062723c751e8b465ee728b)
Start importing Assets/Sprites/Tiles/tileset_18.asset using Guid(f702e0d436f078d4c933d61ca2dc7419) Importer(815301076,1909f56bfc062723c751e8b465ee728b)  -> (artifact id: '8809afd9d956ad86ddf9f18356960d63') in 0.052100 seconds
  Import took 0.066346 seconds .

========================================================================
Received Import Request.
  Time since last request: 0.000692 seconds.
  path: Assets/Sprites/Tiles/tileset_67.asset
  artifactKey: Guid(4b6e8c73d63872a4bb57af39d13e33e3) Importer(815301076,1909f56bfc062723c751e8b465ee728b)
Start importing Assets/Sprites/Tiles/tileset_67.asset using Guid(4b6e8c73d63872a4bb57af39d13e33e3) Importer(815301076,1909f56bfc062723c751e8b465ee728b)  -> (artifact id: '69a1ac88227b7e4d00f2f4a031e9b621') in 0.059653 seconds
  Import took 0.079346 seconds .

========================================================================
Received Import Request.
  Time since last request: 0.000527 seconds.
  path: Assets/Sprites/Tiles/tileset_58.asset
  artifactKey: Guid(e5012ebf503dc1c4a8708f99c20306eb) Importer(815301076,1909f56bfc062723c751e8b465ee728b)
Start importing Assets/Sprites/Tiles/tileset_58.asset using Guid(e5012ebf503dc1c4a8708f99c20306eb) Importer(815301076,1909f56bfc062723c751e8b465ee728b)  -> (artifact id: '6254f37dde10fa78a096d70428b4257d') in 0.059346 seconds
  Import took 0.087410 seconds .

========================================================================
Received Import Request.
  Time since last request: 0.000578 seconds.
  path: Assets/Sprites/Tiles/tileset_90.asset
  artifactKey: Guid(b40f58f1132bb8943bf2460b3f720624) Importer(815301076,1909f56bfc062723c751e8b465ee728b)
Start importing Assets/Sprites/Tiles/tileset_90.asset using Guid(b40f58f1132bb8943bf2460b3f720624) Importer(815301076,1909f56bfc062723c751e8b465ee728b)  -> (artifact id: 'be6263adbdc30e67a1bf5cdc1d72c31c') in 0.073909 seconds
  Import took 0.094086 seconds .

========================================================================
Received Import Request.
  Time since last request: 0.000679 seconds.
  path: Assets/Sprites/Tiles/tileset_68.asset
  artifactKey: Guid(750dcc024d96fdf4dbaad11218a96b81) Importer(815301076,1909f56bfc062723c751e8b465ee728b)
Start importing Assets/Sprites/Tiles/tileset_68.asset using Guid(750dcc024d96fdf4dbaad11218a96b81) Importer(815301076,1909f56bfc062723c751e8b465ee728b)  -> (artifact id: '1c8fd16573739b65adb403951783f738') in 0.096406 seconds
  Import took 0.113395 seconds .

========================================================================
Received Import Request.
  Time since last request: 8.064254 seconds.
  path: Assets/Sunny Land Forest Assets/Scenes
  artifactKey: Guid(4597dbd939d93407391cafe9674c9cc5) Importer(815301076,1909f56bfc062723c751e8b465ee728b)
Start importing Assets/Sunny Land Forest Assets/Scenes using Guid(4597dbd939d93407391cafe9674c9cc5) Importer(815301076,1909f56bfc062723c751e8b465ee728b)  -> (artifact id: 'b28b20450b563235855af812dc056f77') in 0.022515 seconds
  Import took 0.036764 seconds .

========================================================================
Received Import Request.
  Time since last request: 0.724583 seconds.
  path: Assets/Sunny Land Forest Assets/Artwork
  artifactKey: Guid(7774928dfb56d4efe8834b695ec6b292) Importer(815301076,1909f56bfc062723c751e8b465ee728b)
Start importing Assets/Sunny Land Forest Assets/Artwork using Guid(7774928dfb56d4efe8834b695ec6b292) Importer(815301076,1909f56bfc062723c751e8b465ee728b)  -> (artifact id: '16287fc5765d4279aec144501d2f62b5') in 0.040700 seconds
  Import took 0.087645 seconds .

========================================================================
Received Import Request.
  Time since last request: 1.238539 seconds.
  path: Assets/Sunny Land Forest Assets/Artwork/Sprites
  artifactKey: Guid(d7fe996c19f744990bde1c61ab62f222) Importer(815301076,1909f56bfc062723c751e8b465ee728b)
Start importing Assets/Sunny Land Forest Assets/Artwork/Sprites using Guid(d7fe996c19f744990bde1c61ab62f222) Importer(815301076,1909f56bfc062723c751e8b465ee728b)  -> (artifact id: 'd9cdcba9d487f47fafa9376e8fcf2d14') in 0.041743 seconds
  Import took 0.067386 seconds .

========================================================================
Received Import Request.
  Time since last request: 2.180344 seconds.
  path: Assets/Sunny Land Forest Assets/Artwork/Sprites/player
  artifactKey: Guid(24fe9a3c88da744259fbc647db2fc03d) Importer(815301076,1909f56bfc062723c751e8b465ee728b)
Start importing Assets/Sunny Land Forest Assets/Artwork/Sprites/player using Guid(24fe9a3c88da744259fbc647db2fc03d) Importer(815301076,1909f56bfc062723c751e8b465ee728b)  -> (artifact id: '0214b1a48fef5ad86202468f3d45c395') in 0.022861 seconds
  Import took 0.038668 seconds .

========================================================================
Received Import Request.
  Time since last request: 0.012195 seconds.
  path: Assets/Sunny Land Forest Assets/Artwork/Sprites/player
  artifactKey: Guid(24fe9a3c88da744259fbc647db2fc03d) Importer(815301076,1909f56bfc062723c751e8b465ee728b)
Start importing Assets/Sunny Land Forest Assets/Artwork/Sprites/player using Guid(24fe9a3c88da744259fbc647db2fc03d) Importer(815301076,1909f56bfc062723c751e8b465ee728b)  -> (artifact id: '0214b1a48fef5ad86202468f3d45c395') in 0.005858 seconds
  Import took 0.020125 seconds .

========================================================================
Received Import Request.
  Time since last request: 1.325090 seconds.
  path: Assets/Sunny Land Forest Assets/Artwork/Sprites/player/player-climb
  artifactKey: Guid(cd06b5d454145407a9b93209f18cabd8) Importer(815301076,1909f56bfc062723c751e8b465ee728b)
Start importing Assets/Sunny Land Forest Assets/Artwork/Sprites/player/player-climb using Guid(cd06b5d454145407a9b93209f18cabd8) Importer(815301076,1909f56bfc062723c751e8b465ee728b)  -> (artifact id: '40c4bb269e53e8b708379a3be4bb0f30') in 0.044709 seconds
  Import took 0.069863 seconds .

========================================================================
Received Import Request.
  Time since last request: 0.103740 seconds.
  path: Assets/Sunny Land Forest Assets/Artwork/Sprites/player/player-climb/player-climb-1.png
  artifactKey: Guid(e52d59fcb4db64c119345bd35cbc7290) Importer(815301076,1909f56bfc062723c751e8b465ee728b)
Start importing Assets/Sunny Land Forest Assets/Artwork/Sprites/player/player-climb/player-climb-1.png using Guid(e52d59fcb4db64c119345bd35cbc7290) Importer(815301076,1909f56bfc062723c751e8b465ee728b)  -> (artifact id: '390816ff616acf77897471a0022338a1') in 0.074062 seconds
  Import took 0.095775 seconds .

========================================================================
Received Import Request.
  Time since last request: 0.000721 seconds.
  path: Assets/Sunny Land Forest Assets/Artwork/Sprites/player/player-climb/player-climb-2.png
  artifactKey: Guid(d4ce6b0f74e064222bf69c44d9ad8c37) Importer(815301076,1909f56bfc062723c751e8b465ee728b)
Start importing Assets/Sunny Land Forest Assets/Artwork/Sprites/player/player-climb/player-climb-2.png using Guid(d4ce6b0f74e064222bf69c44d9ad8c37) Importer(815301076,1909f56bfc062723c751e8b465ee728b)  -> (artifact id: 'eaa4533d4a52fda9db3169d80bd9bacc') in 0.097324 seconds
  Import took 0.118494 seconds .

========================================================================
Received Import Request.
  Time since last request: 0.000940 seconds.
  path: Assets/Sunny Land Forest Assets/Artwork/Sprites/player/player-climb/player-climb-4.png
  artifactKey: Guid(4935983a8e0e6463eb449187f7cdebb9) Importer(815301076,1909f56bfc062723c751e8b465ee728b)
Start importing Assets/Sunny Land Forest Assets/Artwork/Sprites/player/player-climb/player-climb-4.png using Guid(4935983a8e0e6463eb449187f7cdebb9) Importer(815301076,1909f56bfc062723c751e8b465ee728b)  -> (artifact id: 'a7191fcdc36c816b6c0caf9b76775a16') in 0.062988 seconds
  Import took 0.086277 seconds .

========================================================================
Received Import Request.
  Time since last request: 0.001613 seconds.
  path: Assets/Sunny Land Forest Assets/Artwork/Sprites/player/player-climb/player-climb-3.png
  artifactKey: Guid(67d3ed1014bf2471e83ef6a27bbaace8) Importer(815301076,1909f56bfc062723c751e8b465ee728b)
Start importing Assets/Sunny Land Forest Assets/Artwork/Sprites/player/player-climb/player-climb-3.png using Guid(67d3ed1014bf2471e83ef6a27bbaace8) Importer(815301076,1909f56bfc062723c751e8b465ee728b)  -> (artifact id: '513f8dfd94fe7f727756ac641174f2c8') in 0.065882 seconds
  Import took 0.096200 seconds .

========================================================================
Received Import Request.
  Time since last request: 15.593889 seconds.
  path: Assets/Sunny Land Forest Assets/Artwork/Sprites/player/player-idle
  artifactKey: Guid(aa75450c0777b4e9c8af4f5f7e0d0d4c) Importer(815301076,1909f56bfc062723c751e8b465ee728b)
Start importing Assets/Sunny Land Forest Assets/Artwork/Sprites/player/player-idle using Guid(aa75450c0777b4e9c8af4f5f7e0d0d4c) Importer(815301076,1909f56bfc062723c751e8b465ee728b)  -> (artifact id: '551954044fc1539458a144baa2797d55') in 0.032005 seconds
  Import took 0.051848 seconds .

========================================================================
Received Import Request.
  Time since last request: 0.033764 seconds.
  path: Assets/Sunny Land Forest Assets/Artwork/Sprites/player/player-idle/player-idle-1.png
  artifactKey: Guid(522d916af9f7944fc9739fa8abcde570) Importer(815301076,1909f56bfc062723c751e8b465ee728b)
Start importing Assets/Sunny Land Forest Assets/Artwork/Sprites/player/player-idle/player-idle-1.png using Guid(522d916af9f7944fc9739fa8abcde570) Importer(815301076,1909f56bfc062723c751e8b465ee728b)  -> (artifact id: '9aac63fa905c4a8ab56b19d6239c0f36') in 0.058447 seconds
  Import took 0.076997 seconds .

========================================================================
Received Import Request.
  Time since last request: 0.000967 seconds.
  path: Assets/Sunny Land Forest Assets/Artwork/Sprites/player/player-idle/player-idle-6.png
  artifactKey: Guid(79e27342c280d4c419fbd82a9ebedad6) Importer(815301076,1909f56bfc062723c751e8b465ee728b)
Start importing Assets/Sunny Land Forest Assets/Artwork/Sprites/player/player-idle/player-idle-6.png using Guid(79e27342c280d4c419fbd82a9ebedad6) Importer(815301076,1909f56bfc062723c751e8b465ee728b)  -> (artifact id: '0267459918ebc3196cc27ed307940435') in 0.054794 seconds
  Import took 0.075288 seconds .

========================================================================
Received Import Request.
  Time since last request: 0.001068 seconds.
  path: Assets/Sunny Land Forest Assets/Artwork/Sprites/player/player-idle/player-idle-5.png
  artifactKey: Guid(89f9ee1736858413cb41cb23f36f4467) Importer(815301076,1909f56bfc062723c751e8b465ee728b)
Start importing Assets/Sunny Land Forest Assets/Artwork/Sprites/player/player-idle/player-idle-5.png using Guid(89f9ee1736858413cb41cb23f36f4467) Importer(815301076,1909f56bfc062723c751e8b465ee728b)  -> (artifact id: 'e3ad85c53e6a4c7965b6059b97a36f5d') in 0.061060 seconds
  Import took 0.076783 seconds .

========================================================================
Received Import Request.
  Time since last request: 0.000912 seconds.
  path: Assets/Sunny Land Forest Assets/Artwork/Sprites/player/player-idle/player-idle-4.png
  artifactKey: Guid(1b1491dd8c2cf4c53865ea93f0b1f176) Importer(815301076,1909f56bfc062723c751e8b465ee728b)
Start importing Assets/Sunny Land Forest Assets/Artwork/Sprites/player/player-idle/player-idle-4.png using Guid(1b1491dd8c2cf4c53865ea93f0b1f176) Importer(815301076,1909f56bfc062723c751e8b465ee728b)  -> (artifact id: '4317f126633d0a28f2c90d9a0d40b52d') in 0.058042 seconds
  Import took 0.072689 seconds .

========================================================================
Received Import Request.
  Time since last request: 0.000896 seconds.
  path: Assets/Sunny Land Forest Assets/Artwork/Sprites/player/player-idle/player-idle-9.png
  artifactKey: Guid(d3e4ae620084e4e91bf9911e65316475) Importer(815301076,1909f56bfc062723c751e8b465ee728b)
Start importing Assets/Sunny Land Forest Assets/Artwork/Sprites/player/player-idle/player-idle-9.png using Guid(d3e4ae620084e4e91bf9911e65316475) Importer(815301076,1909f56bfc062723c751e8b465ee728b)  -> (artifact id: 'da61f821258f6d34a772a6327e4a12a1') in 0.052392 seconds
  Import took 0.069154 seconds .

========================================================================
Received Import Request.
  Time since last request: 0.000761 seconds.
  path: Assets/Sunny Land Forest Assets/Artwork/Sprites/player/player-idle/player-idle-2.png
  artifactKey: Guid(de32ff31eb54442239c19b4a89962c69) Importer(815301076,1909f56bfc062723c751e8b465ee728b)
Start importing Assets/Sunny Land Forest Assets/Artwork/Sprites/player/player-idle/player-idle-2.png using Guid(de32ff31eb54442239c19b4a89962c69) Importer(815301076,1909f56bfc062723c751e8b465ee728b)  -> (artifact id: '35ccb5a464fce6a9f5539ea44b7f073b') in 0.062945 seconds
  Import took 0.079416 seconds .

========================================================================
Received Import Request.
  Time since last request: 0.000918 seconds.
  path: Assets/Sunny Land Forest Assets/Artwork/Sprites/player/player-idle/player-idle-7.png
  artifactKey: Guid(dee4d6fd6adcd47c6b3eaf0667614a0f) Importer(815301076,1909f56bfc062723c751e8b465ee728b)
Start importing Assets/Sunny Land Forest Assets/Artwork/Sprites/player/player-idle/player-idle-7.png using Guid(dee4d6fd6adcd47c6b3eaf0667614a0f) Importer(815301076,1909f56bfc062723c751e8b465ee728b)  -> (artifact id: 'b80820f32d1111044adc146a46aa138b') in 0.058524 seconds
  Import took 0.075023 seconds .

========================================================================
Received Import Request.
  Time since last request: 0.000710 seconds.
  path: Assets/Sunny Land Forest Assets/Artwork/Sprites/player/player-idle/player-idle-8.png
  artifactKey: Guid(2594a7d7126c04e0786f0de669bab9b0) Importer(815301076,1909f56bfc062723c751e8b465ee728b)
Start importing Assets/Sunny Land Forest Assets/Artwork/Sprites/player/player-idle/player-idle-8.png using Guid(2594a7d7126c04e0786f0de669bab9b0) Importer(815301076,1909f56bfc062723c751e8b465ee728b)  -> (artifact id: '045f85e412237ebce22ab692fbcba8e2') in 0.061617 seconds
  Import took 0.077384 seconds .

========================================================================
Received Import Request.
  Time since last request: 0.000832 seconds.
  path: Assets/Sunny Land Forest Assets/Artwork/Sprites/player/player-idle/player-idle-3.png
  artifactKey: Guid(006c5f8a9c14a4deeae282597594213b) Importer(815301076,1909f56bfc062723c751e8b465ee728b)
Start importing Assets/Sunny Land Forest Assets/Artwork/Sprites/player/player-idle/player-idle-3.png using Guid(006c5f8a9c14a4deeae282597594213b) Importer(815301076,1909f56bfc062723c751e8b465ee728b)  -> (artifact id: '2bf31279b63e894be40175cd822a2404') in 0.057042 seconds
  Import took 0.077263 seconds .

AssetImportWorkerClient::OnTransportError - code=2 error=End of file
